[Tue Sep 05 05:02:48.106625 2017] [so:warn] [pid 9] AH01574: module authz_core_module is already loaded, skipping
[Tue Sep 05 05:02:48.107749 2017] [so:warn] [pid 9] AH01574: module authz_host_module is already loaded, skipping
[Tue Sep 05 05:02:48.199142 2017] [auth_digest:notice] [pid 17] AH01757: generating secret for digest authentication ...
[Tue Sep 05 05:02:48.491021 2017] [mpm_prefork:notice] [pid 17] AH00163: Apache/2.4.6 (Red Hat) configured -- resuming normal operations
[Tue Sep 05 05:02:48.491500 2017] [core:notice] [pid 17] AH00094: Command line: '/usr/sbin/httpd'
[Tue Sep 05 05:54:47.579974 2017] [so:warn] [pid 9] AH01574: module authz_core_module is already loaded, skipping
[Tue Sep 05 05:54:47.580330 2017] [so:warn] [pid 9] AH01574: module authz_host_module is already loaded, skipping
[Tue Sep 05 05:54:47.648426 2017] [auth_digest:notice] [pid 17] AH01757: generating secret for digest authentication ...
[Tue Sep 05 05:54:47.794027 2017] [mpm_prefork:notice] [pid 17] AH00163: Apache/2.4.6 (Red Hat) configured -- resuming normal operations
[Tue Sep 05 05:54:47.794085 2017] [core:notice] [pid 17] AH00094: Command line: '/usr/sbin/httpd'
[Tue Sep 05 06:36:39.705416 2017] [so:warn] [pid 9] AH01574: module authz_core_module is already loaded, skipping
[Tue Sep 05 06:36:39.705696 2017] [so:warn] [pid 9] AH01574: module authz_host_module is already loaded, skipping
[Tue Sep 05 06:36:39.759852 2017] [auth_digest:notice] [pid 17] AH01757: generating secret for digest authentication ...
[Tue Sep 05 06:36:40.021334 2017] [mpm_prefork:notice] [pid 17] AH00163: Apache/2.4.6 (Red Hat) configured -- resuming normal operations
[Tue Sep 05 06:36:40.021628 2017] [core:notice] [pid 17] AH00094: Command line: '/usr/sbin/httpd'
[Tue Sep 05 07:15:40.269061 2017] [so:warn] [pid 9] AH01574: module authz_core_module is already loaded, skipping
[Tue Sep 05 07:15:40.269399 2017] [so:warn] [pid 9] AH01574: module authz_host_module is already loaded, skipping
[Tue Sep 05 07:15:40.329889 2017] [auth_digest:notice] [pid 17] AH01757: generating secret for digest authentication ...
[Tue Sep 05 07:15:40.789568 2017] [mpm_prefork:notice] [pid 17] AH00163: Apache/2.4.6 (Red Hat) configured -- resuming normal operations
[Tue Sep 05 07:15:40.789609 2017] [core:notice] [pid 17] AH00094: Command line: '/usr/sbin/httpd'
No log handling enabled - turning on stderr logging
Created directory: /var/lib/net-snmp
Created directory: /var/lib/net-snmp/mib_indexes
No log handling enabled - turning on stderr logging
Created directory: /var/lib/net-snmp
Created directory: /var/lib/net-snmp/mib_indexes
No log handling enabled - turning on stderr logging
Created directory: /var/lib/net-snmp
Created directory: /var/lib/net-snmp/mib_indexes
No log handling enabled - turning on stderr logging
Created directory: /var/lib/net-snmp
Created directory: /var/lib/net-snmp/mib_indexes
No log handling enabled - turning on stderr logging
Created directory: /var/lib/net-snmp
Created directory: /var/lib/net-snmp/mib_indexes
No log handling enabled - turning on stderr logging
Created directory: /var/lib/net-snmp
Created directory: /var/lib/net-snmp/mib_indexes
No log handling enabled - turning on stderr logging
Created directory: /var/lib/net-snmp
Created directory: /var/lib/net-snmp/mib_indexes
